<?xml version="1.0" encoding="UTF-8"?>
<!-- Generated by org.testng.reporters.JUnitXMLReporter -->
<testsuite ignored="0" hostname="DELL1" failures="0" tests="6" name="Default test" time="0.188" errors="0" timestamp="2022-02-09T21:29:18 IST">
  <testcase classname="qaclickacademy.AppiumTest" name="iosApp" time="0.018"/>
  <testcase classname="qaclickacademy.AppiumTest" name="nativeAppAndroid" time="0.005"/>
  <testcase classname="qaclickacademy.RestAPITest" name="deleteTwitter" time="0.003"/>
  <testcase classname="qaclickacademy.RestAPITest" name="postJira" time="0.009"/>
  <testcase classname="qaclickacademy.SeleniumTest" name="browserAutomation" time="0.004"/>
  <testcase classname="qaclickacademy.SeleniumTest" name="elementsUI" time="0.007"/>
</testsuite> <!-- Default test -->
