<?xml version="1.0" encoding="UTF-8"?>
<testng-results ignored="0" total="6" passed="6" failed="0" skipped="0">
  <reporter-output>
  </reporter-output>
  <suite started-at="2022-02-09T21:29:18 IST" name="Default suite" finished-at="2022-02-09T21:29:18 IST" duration-ms="188">
    <groups>
    </groups>
    <test started-at="2022-02-09T21:29:18 IST" name="Default test" finished-at="2022-02-09T21:29:18 IST" duration-ms="188">
      <class name="qaclickacademy.AppiumTest">
        <test-method signature="iosApp()[pri:0, instance:qaclickacademy.AppiumTest@1da2cb77]" started-at="2022-02-09T21:29:18 IST" name="iosApp" finished-at="2022-02-09T21:29:18 IST" duration-ms="18" status="PASS">
          <reporter-output>
          </reporter-output>
        </test-method> <!-- iosApp -->
        <test-method signature="nativeAppAndroid()[pri:0, instance:qaclickacademy.AppiumTest@1da2cb77]" started-at="2022-02-09T21:29:18 IST" name="nativeAppAndroid" finished-at="2022-02-09T21:29:18 IST" duration-ms="5" status="PASS">
          <reporter-output>
          </reporter-output>
        </test-method> <!-- nativeAppAndroid -->
      </class> <!-- qaclickacademy.AppiumTest -->
      <class name="qaclickacademy.RestAPITest">
        <test-method signature="deleteTwitter()[pri:0, instance:qaclickacademy.RestAPITest@209da20d]" started-at="2022-02-09T21:29:18 IST" name="deleteTwitter" finished-at="2022-02-09T21:29:18 IST" duration-ms="3" status="PASS">
          <reporter-output>
          </reporter-output>
        </test-method> <!-- deleteTwitter -->
        <test-method signature="postJira()[pri:0, instance:qaclickacademy.RestAPITest@209da20d]" started-at="2022-02-09T21:29:18 IST" name="postJira" finished-at="2022-02-09T21:29:18 IST" duration-ms="9" status="PASS">
          <reporter-output>
          </reporter-output>
        </test-method> <!-- postJira -->
      </class> <!-- qaclickacademy.RestAPITest -->
      <class name="qaclickacademy.SeleniumTest">
        <test-method signature="browserAutomation()[pri:0, instance:qaclickacademy.SeleniumTest@e15b7e8]" started-at="2022-02-09T21:29:18 IST" name="browserAutomation" finished-at="2022-02-09T21:29:18 IST" duration-ms="4" status="PASS">
          <reporter-output>
          </reporter-output>
        </test-method> <!-- browserAutomation -->
        <test-method signature="elementsUI()[pri:0, instance:qaclickacademy.SeleniumTest@e15b7e8]" started-at="2022-02-09T21:29:18 IST" name="elementsUI" finished-at="2022-02-09T21:29:18 IST" duration-ms="7" status="PASS">
          <reporter-output>
          </reporter-output>
        </test-method> <!-- elementsUI -->
      </class> <!-- qaclickacademy.SeleniumTest -->
    </test> <!-- Default test -->
  </suite> <!-- Default suite -->
</testng-results>
